======================================================================
Altitude Sensor Comparison Test
Comparing Range Sensor vs Barometric Altitude
======================================================================

Running codrone-edu library version 2.4
📡 Connecting...
Detected CoDrone EDU controller at port /dev/cu.usbmodem3973337534311
Connected to CoDrone EDU.
Battery = 100%
✅ Connected

======================================================================
RANGE SENSOR (Time-of-Flight)
======================================================================
This is the laser/IR sensor that measures distance to ground
Short range (~2-3m max), used for precise landing

  Bottom Range (raw):  0 mm
  Bottom Range:        0.000 m
  get_height():        0.000 m
  Match: ✓

======================================================================
BAROMETRIC ALTITUDE (Pressure Sensor)
======================================================================
This calculates altitude from air pressure
Long range (hundreds of meters), used for flight altitude

  Pressure:      101104.05 hPa
  Temperature:   11.77 °C

  Note: Python library doesn't expose raw barometric altitude
        (the altitude with firmware offset)
        This is the value that Java's getUncorrectedElevation() reads

======================================================================
CONCLUSION
======================================================================
✓ Range sensor (get_height) reads: 0.0m - CORRECT (drone on ground)
⚠️  Barometric altitude reads: ~126m - Has firmware offset issue

Java Equivalents:
  • get_height() → getHeight() [Range sensor] ✓ Same
  • [no method] → getUncorrectedElevation() [Barometric] ✗ Not exposed
  • [no method] → getCorrectedElevation() [Calculated] ✗ Not exposed

Disconnecting...
Done.
