2025-10-20 09:47:18.490 [main] INFO  com.otabi.jcodroneedu.Drone - Drone instance created and ready for connection.
2025-10-20 09:47:18.808 [main] INFO  com.otabi.jcodroneedu.SerialPortManager - Detected CoDrone EDU controller at port cu.usbmodem3965336834311
2025-10-20 09:47:18.838 [main] INFO  com.otabi.jcodroneedu.SerialPortManager - Connected to cu.usbmodem3965336834311
2025-10-20 09:47:19.051 [main] ERROR com.otabi.jcodroneedu.Drone - Connection verification failed - State ready: false, Info available: true
2025-10-20 09:47:19.062 [main] INFO  com.otabi.jcodroneedu.SerialPortManager - Serial port disconnected.
2025-10-20 09:47:19.062 [main] ERROR com.otabi.jcodroneedu.SerialPortManager - Cannot write, serial port is not open.
2025-10-20 09:47:19.075 [main] ERROR com.otabi.jcodroneedu.SerialPortManager - Cannot write, serial port is not open.
2025-10-20 09:47:19.088 [main] ERROR com.otabi.jcodroneedu.SerialPortManager - Cannot write, serial port is not open.
2025-10-20 09:47:19.103 [main] ERROR com.otabi.jcodroneedu.SerialPortManager - Cannot write, serial port is not open.
2025-10-20 09:47:19.116 [main] ERROR com.otabi.jcodroneedu.SerialPortManager - Cannot write, serial port is not open.
2025-10-20 09:47:19.129 [main] ERROR com.otabi.jcodroneedu.SerialPortManager - Cannot write, serial port is not open.
2025-10-20 09:47:19.142 [main] ERROR com.otabi.jcodroneedu.SerialPortManager - Cannot write, serial port is not open.
2025-10-20 09:47:19.154 [main] ERROR com.otabi.jcodroneedu.SerialPortManager - Cannot write, serial port is not open.
2025-10-20 09:47:19.167 [main] ERROR com.otabi.jcodroneedu.SerialPortManager - Cannot write, serial port is not open.
2025-10-20 09:47:19.179 [main] ERROR com.otabi.jcodroneedu.SerialPortManager - Cannot write, serial port is not open.
2025-10-20 09:47:19.213 [main] ERROR com.otabi.jcodroneedu.SerialPortManager - Cannot write, serial port is not open.
2025-10-20 09:47:19.271 [main] ERROR com.otabi.jcodroneedu.SerialPortManager - Cannot write, serial port is not open.
2025-10-20 09:47:19.333 [main] ERROR com.otabi.jcodroneedu.SerialPortManager - Cannot write, serial port is not open.
2025-10-20 09:47:19.393 [main] ERROR com.otabi.jcodroneedu.SerialPortManager - Cannot write, serial port is not open.
2025-10-20 09:47:19.453 [main] ERROR com.otabi.jcodroneedu.SerialPortManager - Cannot write, serial port is not open.
2025-10-20 09:47:19.513 [main] ERROR com.otabi.jcodroneedu.SerialPortManager - Cannot write, serial port is not open.
2025-10-20 09:47:19.573 [main] ERROR com.otabi.jcodroneedu.SerialPortManager - Cannot write, serial port is not open.
2025-10-20 09:47:19.628 [main] ERROR com.otabi.jcodroneedu.SerialPortManager - Cannot write, serial port is not open.
2025-10-20 09:47:19.688 [main] ERROR com.otabi.jcodroneedu.SerialPortManager - Cannot write, serial port is not open.
2025-10-20 09:47:19.748 [main] ERROR com.otabi.jcodroneedu.SerialPortManager - Cannot write, serial port is not open.
2025-10-20 09:47:19.813 [main] ERROR com.otabi.jcodroneedu.SerialPortManager - Cannot write, serial port is not open.
2025-10-20 09:47:19.873 [main] ERROR com.otabi.jcodroneedu.SerialPortManager - Cannot write, serial port is not open.
2025-10-20 09:47:19.933 [main] ERROR com.otabi.jcodroneedu.SerialPortManager - Cannot write, serial port is not open.
2025-10-20 09:47:19.988 [main] ERROR com.otabi.jcodroneedu.SerialPortManager - Cannot write, serial port is not open.
2025-10-20 09:47:20.050 [main] ERROR com.otabi.jcodroneedu.SerialPortManager - Cannot write, serial port is not open.
2025-10-20 09:47:20.108 [main] ERROR com.otabi.jcodroneedu.SerialPortManager - Cannot write, serial port is not open.
2025-10-20 09:47:20.172 [main] ERROR com.otabi.jcodroneedu.SerialPortManager - Cannot write, serial port is not open.
2025-10-20 09:47:20.233 [main] ERROR com.otabi.jcodroneedu.SerialPortManager - Cannot write, serial port is not open.
2025-10-20 09:47:20.288 [main] ERROR com.otabi.jcodroneedu.SerialPortManager - Cannot write, serial port is not open.
2025-10-20 09:47:20.350 [main] ERROR com.otabi.jcodroneedu.SerialPortManager - Cannot write, serial port is not open.
2025-10-20 09:47:20.413 [main] ERROR com.otabi.jcodroneedu.SerialPortManager - Cannot write, serial port is not open.
2025-10-20 09:47:20.473 [main] ERROR com.otabi.jcodroneedu.SerialPortManager - Cannot write, serial port is not open.
2025-10-20 09:47:20.533 [main] ERROR com.otabi.jcodroneedu.SerialPortManager - Cannot write, serial port is not open.
2025-10-20 09:47:20.593 [main] ERROR com.otabi.jcodroneedu.SerialPortManager - Cannot write, serial port is not open.
2025-10-20 09:47:20.653 [main] ERROR com.otabi.jcodroneedu.SerialPortManager - Cannot write, serial port is not open.
2025-10-20 09:47:20.708 [main] ERROR com.otabi.jcodroneedu.SerialPortManager - Cannot write, serial port is not open.
2025-10-20 09:47:20.773 [main] ERROR com.otabi.jcodroneedu.SerialPortManager - Cannot write, serial port is not open.
2025-10-20 09:47:20.832 [main] ERROR com.otabi.jcodroneedu.SerialPortManager - Cannot write, serial port is not open.
2025-10-20 09:47:20.888 [main] ERROR com.otabi.jcodroneedu.SerialPortManager - Cannot write, serial port is not open.
2025-10-20 09:47:20.953 [main] ERROR com.otabi.jcodroneedu.SerialPortManager - Cannot write, serial port is not open.
2025-10-20 09:47:21.009 [main] ERROR com.otabi.jcodroneedu.SerialPortManager - Cannot write, serial port is not open.
2025-10-20 09:47:21.070 [main] ERROR com.otabi.jcodroneedu.SerialPortManager - Cannot write, serial port is not open.
2025-10-20 09:47:21.133 [main] ERROR com.otabi.jcodroneedu.SerialPortManager - Cannot write, serial port is not open.
2025-10-20 09:47:21.193 [main] ERROR com.otabi.jcodroneedu.SerialPortManager - Cannot write, serial port is not open.
2025-10-20 09:47:21.253 [main] ERROR com.otabi.jcodroneedu.SerialPortManager - Cannot write, serial port is not open.
2025-10-20 09:47:21.312 [main] ERROR com.otabi.jcodroneedu.SerialPortManager - Cannot write, serial port is not open.
2025-10-20 09:47:21.373 [main] ERROR com.otabi.jcodroneedu.SerialPortManager - Cannot write, serial port is not open.
2025-10-20 09:47:21.433 [main] ERROR com.otabi.jcodroneedu.SerialPortManager - Cannot write, serial port is not open.
2025-10-20 09:47:21.494 [main] ERROR com.otabi.jcodroneedu.SerialPortManager - Cannot write, serial port is not open.
2025-10-20 09:47:21.556 [main] ERROR com.otabi.jcodroneedu.SerialPortManager - Cannot write, serial port is not open.
2025-10-20 09:47:21.610 [main] ERROR com.otabi.jcodroneedu.SerialPortManager - Cannot write, serial port is not open.
2025-10-20 09:47:21.674 [main] ERROR com.otabi.jcodroneedu.SerialPortManager - Cannot write, serial port is not open.
2025-10-20 09:47:21.729 [main] ERROR com.otabi.jcodroneedu.SerialPortManager - Cannot write, serial port is not open.
2025-10-20 09:47:21.790 [main] ERROR com.otabi.jcodroneedu.SerialPortManager - Cannot write, serial port is not open.
2025-10-20 09:47:21.848 [main] ERROR com.otabi.jcodroneedu.SerialPortManager - Cannot write, serial port is not open.
2025-10-20 09:47:21.913 [main] ERROR com.otabi.jcodroneedu.SerialPortManager - Cannot write, serial port is not open.
2025-10-20 09:47:21.970 [main] ERROR com.otabi.jcodroneedu.SerialPortManager - Cannot write, serial port is not open.
2025-10-20 09:47:22.032 [main] ERROR com.otabi.jcodroneedu.SerialPortManager - Cannot write, serial port is not open.
2025-10-20 09:47:22.092 [main] ERROR com.otabi.jcodroneedu.SerialPortManager - Cannot write, serial port is not open.
2025-10-20 09:47:22.153 [main] ERROR com.otabi.jcodroneedu.SerialPortManager - Cannot write, serial port is not open.
2025-10-20 09:47:22.213 [main] ERROR com.otabi.jcodroneedu.SerialPortManager - Cannot write, serial port is not open.
2025-10-20 09:47:22.272 [main] ERROR com.otabi.jcodroneedu.SerialPortManager - Cannot write, serial port is not open.
2025-10-20 09:47:22.333 [main] ERROR com.otabi.jcodroneedu.SerialPortManager - Cannot write, serial port is not open.
2025-10-20 09:47:22.390 [main] ERROR com.otabi.jcodroneedu.SerialPortManager - Cannot write, serial port is not open.
2025-10-20 09:47:22.448 [main] ERROR com.otabi.jcodroneedu.SerialPortManager - Cannot write, serial port is not open.
2025-10-20 09:47:22.513 [main] ERROR com.otabi.jcodroneedu.SerialPortManager - Cannot write, serial port is not open.
2025-10-20 09:47:22.573 [main] ERROR com.otabi.jcodroneedu.SerialPortManager - Cannot write, serial port is not open.
2025-10-20 09:47:22.642 [main] ERROR com.otabi.jcodroneedu.SerialPortManager - Cannot write, serial port is not open.
2025-10-20 09:47:22.693 [main] ERROR com.otabi.jcodroneedu.SerialPortManager - Cannot write, serial port is not open.
2025-10-20 09:47:22.753 [main] ERROR com.otabi.jcodroneedu.SerialPortManager - Cannot write, serial port is not open.
2025-10-20 09:47:22.813 [main] ERROR com.otabi.jcodroneedu.SerialPortManager - Cannot write, serial port is not open.
2025-10-20 09:47:22.873 [main] ERROR com.otabi.jcodroneedu.SerialPortManager - Cannot write, serial port is not open.
2025-10-20 09:47:22.933 [main] ERROR com.otabi.jcodroneedu.SerialPortManager - Cannot write, serial port is not open.
2025-10-20 09:47:22.993 [main] ERROR com.otabi.jcodroneedu.SerialPortManager - Cannot write, serial port is not open.
2025-10-20 09:47:23.053 [main] ERROR com.otabi.jcodroneedu.SerialPortManager - Cannot write, serial port is not open.
2025-10-20 09:47:23.113 [main] ERROR com.otabi.jcodroneedu.SerialPortManager - Cannot write, serial port is not open.
2025-10-20 09:47:27.130 [main] ERROR com.otabi.jcodroneedu.SerialPortManager - Cannot write, serial port is not open.
2025-10-20 09:47:32.133 [main] ERROR com.otabi.jcodroneedu.SerialPortManager - Cannot write, serial port is not open.
2025-10-20 09:47:32.146 [main] ERROR com.otabi.jcodroneedu.SerialPortManager - Cannot write, serial port is not open.
2025-10-20 09:47:32.160 [main] ERROR com.otabi.jcodroneedu.SerialPortManager - Cannot write, serial port is not open.
2025-10-20 09:47:32.173 [main] ERROR com.otabi.jcodroneedu.SerialPortManager - Cannot write, serial port is not open.
2025-10-20 09:47:32.185 [main] ERROR com.otabi.jcodroneedu.SerialPortManager - Cannot write, serial port is not open.
2025-10-20 09:47:32.198 [main] ERROR com.otabi.jcodroneedu.SerialPortManager - Cannot write, serial port is not open.
2025-10-20 09:47:32.211 [main] ERROR com.otabi.jcodroneedu.SerialPortManager - Cannot write, serial port is not open.
2025-10-20 09:47:32.224 [main] ERROR com.otabi.jcodroneedu.SerialPortManager - Cannot write, serial port is not open.
2025-10-20 09:47:32.237 [main] ERROR com.otabi.jcodroneedu.SerialPortManager - Cannot write, serial port is not open.
2025-10-20 09:47:32.248 [main] ERROR com.otabi.jcodroneedu.SerialPortManager - Cannot write, serial port is not open.
2025-10-20 09:47:32.261 [main] ERROR com.otabi.jcodroneedu.SerialPortManager - Cannot write, serial port is not open.
2025-10-20 09:47:32.275 [main] ERROR com.otabi.jcodroneedu.SerialPortManager - Cannot write, serial port is not open.
2025-10-20 09:47:32.288 [main] ERROR com.otabi.jcodroneedu.SerialPortManager - Cannot write, serial port is not open.
2025-10-20 09:47:32.301 [main] ERROR com.otabi.jcodroneedu.SerialPortManager - Cannot write, serial port is not open.
2025-10-20 09:47:32.314 [main] ERROR com.otabi.jcodroneedu.SerialPortManager - Cannot write, serial port is not open.
2025-10-20 09:47:32.326 [main] ERROR com.otabi.jcodroneedu.SerialPortManager - Cannot write, serial port is not open.
2025-10-20 09:47:32.338 [main] ERROR com.otabi.jcodroneedu.SerialPortManager - Cannot write, serial port is not open.
2025-10-20 09:47:32.349 [main] ERROR com.otabi.jcodroneedu.SerialPortManager - Cannot write, serial port is not open.
2025-10-20 09:47:32.362 [main] ERROR com.otabi.jcodroneedu.SerialPortManager - Cannot write, serial port is not open.
2025-10-20 09:47:32.375 [main] ERROR com.otabi.jcodroneedu.SerialPortManager - Cannot write, serial port is not open.
2025-10-20 09:47:32.388 [main] ERROR com.otabi.jcodroneedu.SerialPortManager - Cannot write, serial port is not open.
2025-10-20 09:47:32.401 [main] ERROR com.otabi.jcodroneedu.SerialPortManager - Cannot write, serial port is not open.
2025-10-20 09:47:32.454 [main] ERROR com.otabi.jcodroneedu.SerialPortManager - Cannot write, serial port is not open.
2025-10-20 09:47:32.515 [main] ERROR com.otabi.jcodroneedu.SerialPortManager - Cannot write, serial port is not open.
2025-10-20 09:47:32.578 [main] ERROR com.otabi.jcodroneedu.SerialPortManager - Cannot write, serial port is not open.
2025-10-20 09:47:32.641 [main] ERROR com.otabi.jcodroneedu.SerialPortManager - Cannot write, serial port is not open.
2025-10-20 09:47:32.697 [main] ERROR com.otabi.jcodroneedu.SerialPortManager - Cannot write, serial port is not open.
2025-10-20 09:47:32.754 [main] ERROR com.otabi.jcodroneedu.SerialPortManager - Cannot write, serial port is not open.
2025-10-20 09:47:32.818 [main] ERROR com.otabi.jcodroneedu.SerialPortManager - Cannot write, serial port is not open.
2025-10-20 09:47:32.878 [main] ERROR com.otabi.jcodroneedu.SerialPortManager - Cannot write, serial port is not open.
2025-10-20 09:47:32.937 [main] ERROR com.otabi.jcodroneedu.SerialPortManager - Cannot write, serial port is not open.
2025-10-20 09:47:32.995 [main] ERROR com.otabi.jcodroneedu.SerialPortManager - Cannot write, serial port is not open.
2025-10-20 09:47:33.058 [main] ERROR com.otabi.jcodroneedu.SerialPortManager - Cannot write, serial port is not open.
2025-10-20 09:47:33.114 [main] ERROR com.otabi.jcodroneedu.SerialPortManager - Cannot write, serial port is not open.
2025-10-20 09:47:33.178 [main] ERROR com.otabi.jcodroneedu.SerialPortManager - Cannot write, serial port is not open.
2025-10-20 09:47:33.237 [main] ERROR com.otabi.jcodroneedu.SerialPortManager - Cannot write, serial port is not open.
2025-10-20 09:47:33.295 [main] ERROR com.otabi.jcodroneedu.SerialPortManager - Cannot write, serial port is not open.
2025-10-20 09:47:33.356 [main] ERROR com.otabi.jcodroneedu.SerialPortManager - Cannot write, serial port is not open.
2025-10-20 09:47:33.418 [main] ERROR com.otabi.jcodroneedu.SerialPortManager - Cannot write, serial port is not open.
2025-10-20 09:47:33.478 [main] ERROR com.otabi.jcodroneedu.SerialPortManager - Cannot write, serial port is not open.
2025-10-20 09:47:33.538 [main] ERROR com.otabi.jcodroneedu.SerialPortManager - Cannot write, serial port is not open.
2025-10-20 09:47:33.596 [main] ERROR com.otabi.jcodroneedu.SerialPortManager - Cannot write, serial port is not open.
2025-10-20 09:47:33.657 [main] ERROR com.otabi.jcodroneedu.SerialPortManager - Cannot write, serial port is not open.
2025-10-20 09:47:33.718 [main] ERROR com.otabi.jcodroneedu.SerialPortManager - Cannot write, serial port is not open.
2025-10-20 09:47:33.777 [main] ERROR com.otabi.jcodroneedu.SerialPortManager - Cannot write, serial port is not open.
2025-10-20 09:47:33.838 [main] ERROR com.otabi.jcodroneedu.SerialPortManager - Cannot write, serial port is not open.
2025-10-20 09:47:33.895 [main] ERROR com.otabi.jcodroneedu.SerialPortManager - Cannot write, serial port is not open.
2025-10-20 09:47:33.953 [main] ERROR com.otabi.jcodroneedu.SerialPortManager - Cannot write, serial port is not open.
2025-10-20 09:47:34.018 [main] ERROR com.otabi.jcodroneedu.SerialPortManager - Cannot write, serial port is not open.
2025-10-20 09:47:34.078 [main] ERROR com.otabi.jcodroneedu.SerialPortManager - Cannot write, serial port is not open.
2025-10-20 09:47:34.136 [main] ERROR com.otabi.jcodroneedu.SerialPortManager - Cannot write, serial port is not open.
2025-10-20 09:47:34.196 [main] ERROR com.otabi.jcodroneedu.SerialPortManager - Cannot write, serial port is not open.
2025-10-20 09:47:34.255 [main] ERROR com.otabi.jcodroneedu.SerialPortManager - Cannot write, serial port is not open.
2025-10-20 09:47:34.317 [main] ERROR com.otabi.jcodroneedu.SerialPortManager - Cannot write, serial port is not open.
2025-10-20 09:47:34.378 [main] ERROR com.otabi.jcodroneedu.SerialPortManager - Cannot write, serial port is not open.
2025-10-20 09:47:34.437 [main] ERROR com.otabi.jcodroneedu.SerialPortManager - Cannot write, serial port is not open.
2025-10-20 09:47:34.498 [main] ERROR com.otabi.jcodroneedu.SerialPortManager - Cannot write, serial port is not open.
2025-10-20 09:47:34.558 [main] ERROR com.otabi.jcodroneedu.SerialPortManager - Cannot write, serial port is not open.
2025-10-20 09:47:34.614 [main] ERROR com.otabi.jcodroneedu.SerialPortManager - Cannot write, serial port is not open.
2025-10-20 09:47:34.678 [main] ERROR com.otabi.jcodroneedu.SerialPortManager - Cannot write, serial port is not open.
2025-10-20 09:47:34.737 [main] ERROR com.otabi.jcodroneedu.SerialPortManager - Cannot write, serial port is not open.
2025-10-20 09:47:34.798 [main] ERROR com.otabi.jcodroneedu.SerialPortManager - Cannot write, serial port is not open.
2025-10-20 09:47:34.858 [main] ERROR com.otabi.jcodroneedu.SerialPortManager - Cannot write, serial port is not open.
2025-10-20 09:47:34.914 [main] ERROR com.otabi.jcodroneedu.SerialPortManager - Cannot write, serial port is not open.
2025-10-20 09:47:34.973 [main] ERROR com.otabi.jcodroneedu.SerialPortManager - Cannot write, serial port is not open.
2025-10-20 09:47:35.038 [main] ERROR com.otabi.jcodroneedu.SerialPortManager - Cannot write, serial port is not open.
2025-10-20 09:47:35.096 [main] ERROR com.otabi.jcodroneedu.SerialPortManager - Cannot write, serial port is not open.
2025-10-20 09:47:35.157 [main] ERROR com.otabi.jcodroneedu.SerialPortManager - Cannot write, serial port is not open.
2025-10-20 09:47:35.218 [main] ERROR com.otabi.jcodroneedu.SerialPortManager - Cannot write, serial port is not open.
2025-10-20 09:47:35.278 [main] ERROR com.otabi.jcodroneedu.SerialPortManager - Cannot write, serial port is not open.
2025-10-20 09:47:35.337 [main] ERROR com.otabi.jcodroneedu.SerialPortManager - Cannot write, serial port is not open.
2025-10-20 09:47:35.398 [main] ERROR com.otabi.jcodroneedu.SerialPortManager - Cannot write, serial port is not open.
2025-10-20 09:47:35.457 [main] ERROR com.otabi.jcodroneedu.SerialPortManager - Cannot write, serial port is not open.
2025-10-20 09:47:35.515 [main] ERROR com.otabi.jcodroneedu.SerialPortManager - Cannot write, serial port is not open.
2025-10-20 09:47:35.577 [main] ERROR com.otabi.jcodroneedu.SerialPortManager - Cannot write, serial port is not open.
2025-10-20 09:47:35.636 [main] ERROR com.otabi.jcodroneedu.SerialPortManager - Cannot write, serial port is not open.
2025-10-20 09:47:35.696 [main] ERROR com.otabi.jcodroneedu.SerialPortManager - Cannot write, serial port is not open.
2025-10-20 09:47:35.756 [main] ERROR com.otabi.jcodroneedu.SerialPortManager - Cannot write, serial port is not open.
2025-10-20 09:47:35.815 [main] ERROR com.otabi.jcodroneedu.SerialPortManager - Cannot write, serial port is not open.
2025-10-20 09:47:35.878 [main] ERROR com.otabi.jcodroneedu.SerialPortManager - Cannot write, serial port is not open.
2025-10-20 09:47:35.938 [main] ERROR com.otabi.jcodroneedu.SerialPortManager - Cannot write, serial port is not open.
2025-10-20 09:47:35.995 [main] ERROR com.otabi.jcodroneedu.SerialPortManager - Cannot write, serial port is not open.
2025-10-20 09:47:36.053 [main] ERROR com.otabi.jcodroneedu.SerialPortManager - Cannot write, serial port is not open.
2025-10-20 09:47:36.117 [main] ERROR com.otabi.jcodroneedu.SerialPortManager - Cannot write, serial port is not open.
2025-10-20 09:47:36.178 [main] ERROR com.otabi.jcodroneedu.SerialPortManager - Cannot write, serial port is not open.
2025-10-20 09:47:47.564 [main] INFO  com.otabi.jcodroneedu.Drone - Drone instance created and ready for connection.
2025-10-20 09:47:47.579 [main] INFO  com.otabi.jcodroneedu.SerialPortManager - Detected CoDrone EDU controller at port cu.usbmodem3965336834311
2025-10-20 09:47:47.606 [main] INFO  com.otabi.jcodroneedu.SerialPortManager - Connected to cu.usbmodem3965336834311
2025-10-20 09:47:47.819 [main] INFO  com.otabi.jcodroneedu.Drone - Connection established - Model: DRONE_8_DRONE_P1, Firmware: 24.9.1, Battery: 41%
2025-10-20 09:48:05.171 [main] INFO  com.otabi.jcodroneedu.SerialPortManager - Serial port disconnected.
2025-10-20 09:51:14.255 [main] INFO  com.otabi.jcodroneedu.Drone - Drone instance created and ready for connection.
2025-10-20 09:51:14.275 [main] INFO  com.otabi.jcodroneedu.SerialPortManager - Detected CoDrone EDU controller at port cu.usbmodem3965336834311
2025-10-20 09:51:14.299 [main] INFO  com.otabi.jcodroneedu.SerialPortManager - Connected to cu.usbmodem3965336834311
2025-10-20 09:51:14.513 [main] INFO  com.otabi.jcodroneedu.Drone - Connection established - Model: DRONE_8_DRONE_P1, Firmware: 24.9.1, Battery: 100%
2025-10-20 09:51:39.699 [main] INFO  com.otabi.jcodroneedu.SerialPortManager - Serial port disconnected.
2025-10-20 09:52:32.585 [main] INFO  com.otabi.jcodroneedu.Drone - Drone instance created and ready for connection.
2025-10-20 09:52:32.604 [main] INFO  com.otabi.jcodroneedu.SerialPortManager - Detected CoDrone EDU controller at port cu.usbmodem3965336834311
2025-10-20 09:52:32.629 [main] INFO  com.otabi.jcodroneedu.SerialPortManager - Connected to cu.usbmodem3965336834311
2025-10-20 09:52:32.839 [main] INFO  com.otabi.jcodroneedu.Drone - Connection established - Model: DRONE_8_DRONE_P1, Firmware: 24.9.1, Battery: 92%
2025-10-20 09:53:27.458 [main] INFO  com.otabi.jcodroneedu.SerialPortManager - Serial port disconnected.
